<?xml version="1.0" encoding="UTF-8"?>
<!-- Generated by org.testng.reporters.JUnitReportReporter -->
<testsuite skipped="0" hostname="debvan" name="com.isortegah.poc_setecudo.TestRunner" tests="1" failures="0" timestamp="13 dic 2017 18:15:24 GMT" time="10.681" errors="0">
  <testcase name="feature" time="10.681" classname="com.isortegah.poc_setecudo.TestRunner"/>
</testsuite> <!-- com.isortegah.poc_setecudo.TestRunner -->
