<?xml version="1.0" encoding="UTF-8"?>
<!-- Generated by org.testng.reporters.JUnitReportReporter -->
<testsuite skipped="0" hostname="debvan" name="FirstNGTest" tests="1" failures="0" timestamp="14 dic 2017 13:21:06 GMT" time="0.002" errors="0">
  <testcase name="testIntegerArithmeticMultiplyIntegers" time="0.002" classname="FirstNGTest"/>
</testsuite> <!-- FirstNGTest -->
