<?xml version="1.0" encoding="UTF-8"?>
<testsuite xmlns:xsi="http://www.w3.org/2001/XMLSchema-instance" xsi:noNamespaceSchemaLocation="https://maven.apache.org/surefire/maven-surefire-plugin/xsd/surefire-test-report.xsd" name="com.isortegah.poc_setecudo.TestRunner" time="11.315" tests="1" errors="0" skipped="0" failures="0">
  <properties>
    <property name="awt.toolkit" value="sun.awt.X11.XToolkit"/>
    <property name="file.encoding.pkg" value="sun.io"/>
    <property name="java.specification.version" value="1.8"/>
    <property name="sun.cpu.isalist" value=""/>
    <property name="sun.jnu.encoding" value="UTF-8"/>
    <property name="java.class.path" value="/home/isortega/GitHub/isortegah/poc_selenium_cucumber_testng_docker/poc_setecudo/target/test-classes:/home/isortega/GitHub/isortegah/poc_selenium_cucumber_testng_docker/poc_setecudo/target/classes:/home/isortega/.m2/repository/org/testng/testng/6.13.1/testng-6.13.1.jar:/home/isortega/.m2/repository/com/beust/jcommander/1.72/jcommander-1.72.jar:/home/isortega/.m2/repository/org/seleniumhq/selenium/selenium-java/3.8.1/selenium-java-3.8.1.jar:/home/isortega/.m2/repository/org/seleniumhq/selenium/selenium-api/3.8.1/selenium-api-3.8.1.jar:/home/isortega/.m2/repository/org/seleniumhq/selenium/selenium-chrome-driver/3.8.1/selenium-chrome-driver-3.8.1.jar:/home/isortega/.m2/repository/org/seleniumhq/selenium/selenium-edge-driver/3.8.1/selenium-edge-driver-3.8.1.jar:/home/isortega/.m2/repository/org/seleniumhq/selenium/selenium-firefox-driver/3.8.1/selenium-firefox-driver-3.8.1.jar:/home/isortega/.m2/repository/org/seleniumhq/selenium/selenium-ie-driver/3.8.1/selenium-ie-driver-3.8.1.jar:/home/isortega/.m2/repository/org/seleniumhq/selenium/selenium-opera-driver/3.8.1/selenium-opera-driver-3.8.1.jar:/home/isortega/.m2/repository/org/seleniumhq/selenium/selenium-remote-driver/3.8.1/selenium-remote-driver-3.8.1.jar:/home/isortega/.m2/repository/org/seleniumhq/selenium/selenium-safari-driver/3.8.1/selenium-safari-driver-3.8.1.jar:/home/isortega/.m2/repository/org/seleniumhq/selenium/selenium-support/3.8.1/selenium-support-3.8.1.jar:/home/isortega/.m2/repository/net/bytebuddy/byte-buddy/1.7.5/byte-buddy-1.7.5.jar:/home/isortega/.m2/repository/org/apache/commons/commons-exec/1.3/commons-exec-1.3.jar:/home/isortega/.m2/repository/commons-codec/commons-codec/1.10/commons-codec-1.10.jar:/home/isortega/.m2/repository/commons-logging/commons-logging/1.2/commons-logging-1.2.jar:/home/isortega/.m2/repository/com/google/code/gson/gson/2.8.2/gson-2.8.2.jar:/home/isortega/.m2/repository/com/google/guava/guava/23.0/guava-23.0.jar:/home/isortega/.m2/repository/com/google/code/findbugs/jsr305/1.3.9/jsr305-1.3.9.jar:/home/isortega/.m2/repository/com/google/errorprone/error_prone_annotations/2.0.18/error_prone_annotations-2.0.18.jar:/home/isortega/.m2/repository/com/google/j2objc/j2objc-annotations/1.1/j2objc-annotations-1.1.jar:/home/isortega/.m2/repository/org/codehaus/mojo/animal-sniffer-annotations/1.14/animal-sniffer-annotations-1.14.jar:/home/isortega/.m2/repository/org/apache/httpcomponents/httpclient/4.5.3/httpclient-4.5.3.jar:/home/isortega/.m2/repository/org/apache/httpcomponents/httpcore/4.4.6/httpcore-4.4.6.jar:/home/isortega/.m2/repository/info/cukes/cucumber-java8/1.2.5/cucumber-java8-1.2.5.jar:/home/isortega/.m2/repository/info/cukes/cucumber-java/1.2.5/cucumber-java-1.2.5.jar:/home/isortega/.m2/repository/info/cukes/cucumber-core/1.2.5/cucumber-core-1.2.5.jar:/home/isortega/.m2/repository/info/cukes/cucumber-html/0.2.3/cucumber-html-0.2.3.jar:/home/isortega/.m2/repository/info/cukes/gherkin/2.12.2/gherkin-2.12.2.jar:/home/isortega/.m2/repository/info/cukes/cucumber-jvm-deps/1.0.5/cucumber-jvm-deps-1.0.5.jar:/home/isortega/.m2/repository/info/cukes/cucumber-testng/1.2.5/cucumber-testng-1.2.5.jar:/home/isortega/.m2/repository/net/masterthought/cucumber-reporting/3.8.0/cucumber-reporting-3.8.0.jar:/home/isortega/.m2/repository/org/apache/logging/log4j/log4j-api/2.6/log4j-api-2.6.jar:/home/isortega/.m2/repository/org/apache/logging/log4j/log4j-core/2.6/log4j-core-2.6.jar:/home/isortega/.m2/repository/com/fasterxml/jackson/core/jackson-databind/2.8.5/jackson-databind-2.8.5.jar:/home/isortega/.m2/repository/com/fasterxml/jackson/core/jackson-annotations/2.8.0/jackson-annotations-2.8.0.jar:/home/isortega/.m2/repository/com/fasterxml/jackson/core/jackson-core/2.8.5/jackson-core-2.8.5.jar:/home/isortega/.m2/repository/org/apache/velocity/velocity/1.7/velocity-1.7.jar:/home/isortega/.m2/repository/commons-collections/commons-collections/3.2.1/commons-collections-3.2.1.jar:/home/isortega/.m2/repository/commons-lang/commons-lang/2.4/commons-lang-2.4.jar:/home/isortega/.m2/repository/velocity-tools/velocity-tools/1.4/velocity-tools-1.4.jar:/home/isortega/.m2/repository/joda-time/joda-time/2.9.6/joda-time-2.9.6.jar:/home/isortega/.m2/repository/org/apache/commons/commons-lang3/3.5/commons-lang3-3.5.jar:/home/isortega/.m2/repository/commons-io/commons-io/2.5/commons-io-2.5.jar:/home/isortega/.m2/repository/net/lingala/zip4j/zip4j/1.3.2/zip4j-1.3.2.jar:/home/isortega/.m2/repository/org/codehaus/plexus/plexus-utils/3.0.24/plexus-utils-3.0.24.jar:/home/isortega/.m2/repository/org/jsoup/jsoup/1.10.1/jsoup-1.10.1.jar:/home/isortega/.m2/repository/com/googlecode/owasp-java-html-sanitizer/owasp-java-html-sanitizer/20160924.1/owasp-java-html-sanitizer-20160924.1.jar:/home/isortega/.m2/repository/org/apache/maven/plugins/maven-resources-plugin/3.0.2/maven-resources-plugin-3.0.2.jar:/home/isortega/.m2/repository/org/apache/maven/maven-plugin-api/3.0/maven-plugin-api-3.0.jar:/home/isortega/.m2/repository/org/apache/maven/maven-artifact/3.0/maven-artifact-3.0.jar:/home/isortega/.m2/repository/org/sonatype/sisu/sisu-inject-plexus/1.4.2/sisu-inject-plexus-1.4.2.jar:/home/isortega/.m2/repository/org/sonatype/sisu/sisu-inject-bean/1.4.2/sisu-inject-bean-1.4.2.jar:/home/isortega/.m2/repository/org/sonatype/sisu/sisu-guice/2.1.7/sisu-guice-2.1.7-noaop.jar:/home/isortega/.m2/repository/org/apache/maven/maven-core/3.0/maven-core-3.0.jar:/home/isortega/.m2/repository/org/apache/maven/maven-settings/3.0/maven-settings-3.0.jar:/home/isortega/.m2/repository/org/apache/maven/maven-settings-builder/3.0/maven-settings-builder-3.0.jar:/home/isortega/.m2/repository/org/apache/maven/maven-repository-metadata/3.0/maven-repository-metadata-3.0.jar:/home/isortega/.m2/repository/org/apache/maven/maven-model-builder/3.0/maven-model-builder-3.0.jar:/home/isortega/.m2/repository/org/apache/maven/maven-aether-provider/3.0/maven-aether-provider-3.0.jar:/home/isortega/.m2/repository/org/sonatype/aether/aether-impl/1.7/aether-impl-1.7.jar:/home/isortega/.m2/repository/org/sonatype/aether/aether-spi/1.7/aether-spi-1.7.jar:/home/isortega/.m2/repository/org/sonatype/aether/aether-api/1.7/aether-api-1.7.jar:/home/isortega/.m2/repository/org/sonatype/aether/aether-util/1.7/aether-util-1.7.jar:/home/isortega/.m2/repository/org/codehaus/plexus/plexus-classworlds/2.2.3/plexus-classworlds-2.2.3.jar:/home/isortega/.m2/repository/org/codehaus/plexus/plexus-component-annotations/1.5.5/plexus-component-annotations-1.5.5.jar:/home/isortega/.m2/repository/org/sonatype/plexus/plexus-sec-dispatcher/1.3/plexus-sec-dispatcher-1.3.jar:/home/isortega/.m2/repository/org/sonatype/plexus/plexus-cipher/1.4/plexus-cipher-1.4.jar:/home/isortega/.m2/repository/org/apache/maven/maven-model/3.0/maven-model-3.0.jar:/home/isortega/.m2/repository/org/apache/maven/shared/maven-filtering/3.1.1/maven-filtering-3.1.1.jar:/home/isortega/.m2/repository/org/apache/maven/shared/maven-shared-utils/3.0.0/maven-shared-utils-3.0.0.jar:/home/isortega/.m2/repository/org/sonatype/plexus/plexus-build-api/0.0.7/plexus-build-api-0.0.7.jar:/home/isortega/.m2/repository/org/codehaus/plexus/plexus-interpolation/1.24/plexus-interpolation-1.24.jar:/home/isortega/.m2/repository/org/apache/maven/surefire/surefire-testng-utils/2.20.1/surefire-testng-utils-2.20.1.jar:/home/isortega/.m2/repository/org/apache/maven/surefire/surefire-grouper/2.20.1/surefire-grouper-2.20.1.jar:"/>
    <property name="java.vm.vendor" value="Oracle Corporation"/>
    <property name="sun.arch.data.model" value="64"/>
    <property name="java.vendor.url" value="http://java.oracle.com/"/>
    <property name="user.timezone" value=""/>
    <property name="java.vm.specification.version" value="1.8"/>
    <property name="os.name" value="Linux"/>
    <property name="sun.java.launcher" value="SUN_STANDARD"/>
    <property name="user.country" value="MX"/>
    <property name="sun.boot.library.path" value="/usr/lib/jvm/java-8-openjdk-amd64/jre/lib/amd64"/>
    <property name="sun.java.command" value="/home/isortega/GitHub/isortegah/poc_selenium_cucumber_testng_docker/poc_setecudo/target/surefire/surefirebooter3513066067946354127.jar /home/isortega/GitHub/isortegah/poc_selenium_cucumber_testng_docker/poc_setecudo/target/surefire 2017-12-13T12-15-12_707-jvmRun1 surefire5433557706150347058tmp surefire_05308188262473244108tmp"/>
    <property name="test" value="com.isortegah.poc_setecudo.TestRunner"/>
    <property name="surefire.test.class.path" value="/home/isortega/GitHub/isortegah/poc_selenium_cucumber_testng_docker/poc_setecudo/target/test-classes:/home/isortega/GitHub/isortegah/poc_selenium_cucumber_testng_docker/poc_setecudo/target/classes:/home/isortega/.m2/repository/org/testng/testng/6.13.1/testng-6.13.1.jar:/home/isortega/.m2/repository/com/beust/jcommander/1.72/jcommander-1.72.jar:/home/isortega/.m2/repository/org/seleniumhq/selenium/selenium-java/3.8.1/selenium-java-3.8.1.jar:/home/isortega/.m2/repository/org/seleniumhq/selenium/selenium-api/3.8.1/selenium-api-3.8.1.jar:/home/isortega/.m2/repository/org/seleniumhq/selenium/selenium-chrome-driver/3.8.1/selenium-chrome-driver-3.8.1.jar:/home/isortega/.m2/repository/org/seleniumhq/selenium/selenium-edge-driver/3.8.1/selenium-edge-driver-3.8.1.jar:/home/isortega/.m2/repository/org/seleniumhq/selenium/selenium-firefox-driver/3.8.1/selenium-firefox-driver-3.8.1.jar:/home/isortega/.m2/repository/org/seleniumhq/selenium/selenium-ie-driver/3.8.1/selenium-ie-driver-3.8.1.jar:/home/isortega/.m2/repository/org/seleniumhq/selenium/selenium-opera-driver/3.8.1/selenium-opera-driver-3.8.1.jar:/home/isortega/.m2/repository/org/seleniumhq/selenium/selenium-remote-driver/3.8.1/selenium-remote-driver-3.8.1.jar:/home/isortega/.m2/repository/org/seleniumhq/selenium/selenium-safari-driver/3.8.1/selenium-safari-driver-3.8.1.jar:/home/isortega/.m2/repository/org/seleniumhq/selenium/selenium-support/3.8.1/selenium-support-3.8.1.jar:/home/isortega/.m2/repository/net/bytebuddy/byte-buddy/1.7.5/byte-buddy-1.7.5.jar:/home/isortega/.m2/repository/org/apache/commons/commons-exec/1.3/commons-exec-1.3.jar:/home/isortega/.m2/repository/commons-codec/commons-codec/1.10/commons-codec-1.10.jar:/home/isortega/.m2/repository/commons-logging/commons-logging/1.2/commons-logging-1.2.jar:/home/isortega/.m2/repository/com/google/code/gson/gson/2.8.2/gson-2.8.2.jar:/home/isortega/.m2/repository/com/google/guava/guava/23.0/guava-23.0.jar:/home/isortega/.m2/repository/com/google/code/findbugs/jsr305/1.3.9/jsr305-1.3.9.jar:/home/isortega/.m2/repository/com/google/errorprone/error_prone_annotations/2.0.18/error_prone_annotations-2.0.18.jar:/home/isortega/.m2/repository/com/google/j2objc/j2objc-annotations/1.1/j2objc-annotations-1.1.jar:/home/isortega/.m2/repository/org/codehaus/mojo/animal-sniffer-annotations/1.14/animal-sniffer-annotations-1.14.jar:/home/isortega/.m2/repository/org/apache/httpcomponents/httpclient/4.5.3/httpclient-4.5.3.jar:/home/isortega/.m2/repository/org/apache/httpcomponents/httpcore/4.4.6/httpcore-4.4.6.jar:/home/isortega/.m2/repository/info/cukes/cucumber-java8/1.2.5/cucumber-java8-1.2.5.jar:/home/isortega/.m2/repository/info/cukes/cucumber-java/1.2.5/cucumber-java-1.2.5.jar:/home/isortega/.m2/repository/info/cukes/cucumber-core/1.2.5/cucumber-core-1.2.5.jar:/home/isortega/.m2/repository/info/cukes/cucumber-html/0.2.3/cucumber-html-0.2.3.jar:/home/isortega/.m2/repository/info/cukes/gherkin/2.12.2/gherkin-2.12.2.jar:/home/isortega/.m2/repository/info/cukes/cucumber-jvm-deps/1.0.5/cucumber-jvm-deps-1.0.5.jar:/home/isortega/.m2/repository/info/cukes/cucumber-testng/1.2.5/cucumber-testng-1.2.5.jar:/home/isortega/.m2/repository/net/masterthought/cucumber-reporting/3.8.0/cucumber-reporting-3.8.0.jar:/home/isortega/.m2/repository/org/apache/logging/log4j/log4j-api/2.6/log4j-api-2.6.jar:/home/isortega/.m2/repository/org/apache/logging/log4j/log4j-core/2.6/log4j-core-2.6.jar:/home/isortega/.m2/repository/com/fasterxml/jackson/core/jackson-databind/2.8.5/jackson-databind-2.8.5.jar:/home/isortega/.m2/repository/com/fasterxml/jackson/core/jackson-annotations/2.8.0/jackson-annotations-2.8.0.jar:/home/isortega/.m2/repository/com/fasterxml/jackson/core/jackson-core/2.8.5/jackson-core-2.8.5.jar:/home/isortega/.m2/repository/org/apache/velocity/velocity/1.7/velocity-1.7.jar:/home/isortega/.m2/repository/commons-collections/commons-collections/3.2.1/commons-collections-3.2.1.jar:/home/isortega/.m2/repository/commons-lang/commons-lang/2.4/commons-lang-2.4.jar:/home/isortega/.m2/repository/velocity-tools/velocity-tools/1.4/velocity-tools-1.4.jar:/home/isortega/.m2/repository/joda-time/joda-time/2.9.6/joda-time-2.9.6.jar:/home/isortega/.m2/repository/org/apache/commons/commons-lang3/3.5/commons-lang3-3.5.jar:/home/isortega/.m2/repository/commons-io/commons-io/2.5/commons-io-2.5.jar:/home/isortega/.m2/repository/net/lingala/zip4j/zip4j/1.3.2/zip4j-1.3.2.jar:/home/isortega/.m2/repository/org/codehaus/plexus/plexus-utils/3.0.24/plexus-utils-3.0.24.jar:/home/isortega/.m2/repository/org/jsoup/jsoup/1.10.1/jsoup-1.10.1.jar:/home/isortega/.m2/repository/com/googlecode/owasp-java-html-sanitizer/owasp-java-html-sanitizer/20160924.1/owasp-java-html-sanitizer-20160924.1.jar:/home/isortega/.m2/repository/org/apache/maven/plugins/maven-resources-plugin/3.0.2/maven-resources-plugin-3.0.2.jar:/home/isortega/.m2/repository/org/apache/maven/maven-plugin-api/3.0/maven-plugin-api-3.0.jar:/home/isortega/.m2/repository/org/apache/maven/maven-artifact/3.0/maven-artifact-3.0.jar:/home/isortega/.m2/repository/org/sonatype/sisu/sisu-inject-plexus/1.4.2/sisu-inject-plexus-1.4.2.jar:/home/isortega/.m2/repository/org/sonatype/sisu/sisu-inject-bean/1.4.2/sisu-inject-bean-1.4.2.jar:/home/isortega/.m2/repository/org/sonatype/sisu/sisu-guice/2.1.7/sisu-guice-2.1.7-noaop.jar:/home/isortega/.m2/repository/org/apache/maven/maven-core/3.0/maven-core-3.0.jar:/home/isortega/.m2/repository/org/apache/maven/maven-settings/3.0/maven-settings-3.0.jar:/home/isortega/.m2/repository/org/apache/maven/maven-settings-builder/3.0/maven-settings-builder-3.0.jar:/home/isortega/.m2/repository/org/apache/maven/maven-repository-metadata/3.0/maven-repository-metadata-3.0.jar:/home/isortega/.m2/repository/org/apache/maven/maven-model-builder/3.0/maven-model-builder-3.0.jar:/home/isortega/.m2/repository/org/apache/maven/maven-aether-provider/3.0/maven-aether-provider-3.0.jar:/home/isortega/.m2/repository/org/sonatype/aether/aether-impl/1.7/aether-impl-1.7.jar:/home/isortega/.m2/repository/org/sonatype/aether/aether-spi/1.7/aether-spi-1.7.jar:/home/isortega/.m2/repository/org/sonatype/aether/aether-api/1.7/aether-api-1.7.jar:/home/isortega/.m2/repository/org/sonatype/aether/aether-util/1.7/aether-util-1.7.jar:/home/isortega/.m2/repository/org/codehaus/plexus/plexus-classworlds/2.2.3/plexus-classworlds-2.2.3.jar:/home/isortega/.m2/repository/org/codehaus/plexus/plexus-component-annotations/1.5.5/plexus-component-annotations-1.5.5.jar:/home/isortega/.m2/repository/org/sonatype/plexus/plexus-sec-dispatcher/1.3/plexus-sec-dispatcher-1.3.jar:/home/isortega/.m2/repository/org/sonatype/plexus/plexus-cipher/1.4/plexus-cipher-1.4.jar:/home/isortega/.m2/repository/org/apache/maven/maven-model/3.0/maven-model-3.0.jar:/home/isortega/.m2/repository/org/apache/maven/shared/maven-filtering/3.1.1/maven-filtering-3.1.1.jar:/home/isortega/.m2/repository/org/apache/maven/shared/maven-shared-utils/3.0.0/maven-shared-utils-3.0.0.jar:/home/isortega/.m2/repository/org/sonatype/plexus/plexus-build-api/0.0.7/plexus-build-api-0.0.7.jar:/home/isortega/.m2/repository/org/codehaus/plexus/plexus-interpolation/1.24/plexus-interpolation-1.24.jar:/home/isortega/.m2/repository/org/apache/maven/surefire/surefire-testng-utils/2.20.1/surefire-testng-utils-2.20.1.jar:/home/isortega/.m2/repository/org/apache/maven/surefire/surefire-grouper/2.20.1/surefire-grouper-2.20.1.jar:"/>
    <property name="sun.cpu.endian" value="little"/>
    <property name="user.home" value="/home/isortega"/>
    <property name="user.language" value="es"/>
    <property name="java.specification.vendor" value="Oracle Corporation"/>
    <property name="java.home" value="/usr/lib/jvm/java-8-openjdk-amd64/jre"/>
    <property name="basedir" value="/home/isortega/GitHub/isortegah/poc_selenium_cucumber_testng_docker/poc_setecudo"/>
    <property name="file.separator" value="/"/>
    <property name="line.separator" value="&#10;"/>
    <property name="java.vm.specification.vendor" value="Oracle Corporation"/>
    <property name="java.specification.name" value="Java Platform API Specification"/>
    <property name="java.awt.graphicsenv" value="sun.awt.X11GraphicsEnvironment"/>
    <property name="surefire.real.class.path" value="/home/isortega/GitHub/isortegah/poc_selenium_cucumber_testng_docker/poc_setecudo/target/surefire/surefirebooter3513066067946354127.jar"/>
    <property name="sun.boot.class.path" value="/usr/lib/jvm/java-8-openjdk-amd64/jre/lib/resources.jar:/usr/lib/jvm/java-8-openjdk-amd64/jre/lib/rt.jar:/usr/lib/jvm/java-8-openjdk-amd64/jre/lib/sunrsasign.jar:/usr/lib/jvm/java-8-openjdk-amd64/jre/lib/jsse.jar:/usr/lib/jvm/java-8-openjdk-amd64/jre/lib/jce.jar:/usr/lib/jvm/java-8-openjdk-amd64/jre/lib/charsets.jar:/usr/lib/jvm/java-8-openjdk-amd64/jre/lib/jfr.jar:/usr/lib/jvm/java-8-openjdk-amd64/jre/classes"/>
    <property name="sun.management.compiler" value="HotSpot 64-Bit Tiered Compilers"/>
    <property name="java.runtime.version" value="1.8.0_151-8u151-b12-1~deb9u1-b12"/>
    <property name="user.name" value="isortega"/>
    <property name="path.separator" value=":"/>
    <property name="os.version" value="4.9.0-4-amd64"/>
    <property name="java.endorsed.dirs" value="/usr/lib/jvm/java-8-openjdk-amd64/jre/lib/endorsed"/>
    <property name="java.runtime.name" value="OpenJDK Runtime Environment"/>
    <property name="file.encoding" value="UTF-8"/>
    <property name="java.vm.name" value="OpenJDK 64-Bit Server VM"/>
    <property name="maven.ext.class.path" value="/home/isortega/Netbeans/java/maven-nblib/netbeans-eventspy.jar"/>
    <property name="localRepository" value="/home/isortega/.m2/repository"/>
    <property name="java.vendor.url.bug" value="http://bugreport.sun.com/bugreport/"/>
    <property name="java.io.tmpdir" value="/tmp"/>
    <property name="java.version" value="1.8.0_151"/>
    <property name="user.dir" value="/home/isortega/GitHub/isortegah/poc_selenium_cucumber_testng_docker/poc_setecudo"/>
    <property name="os.arch" value="amd64"/>
    <property name="java.vm.specification.name" value="Java Virtual Machine Specification"/>
    <property name="java.awt.printerjob" value="sun.print.PSPrinterJob"/>
    <property name="sun.os.patch.level" value="unknown"/>
    <property name="java.library.path" value="/usr/lib/jvm/java-8-openjdk-amd64/jre/lib/amd64:/usr/lib/jvm/java-8-openjdk-amd64/jre/lib/i386::/usr/java/packages/lib/amd64:/usr/lib/x86_64-linux-gnu/jni:/lib/x86_64-linux-gnu:/usr/lib/x86_64-linux-gnu:/usr/lib/jni:/lib:/usr/lib"/>
    <property name="java.vm.info" value="mixed mode"/>
    <property name="java.vendor" value="Oracle Corporation"/>
    <property name="java.vm.version" value="25.151-b12"/>
    <property name="propertyName" value="chrome"/>
    <property name="java.ext.dirs" value="/usr/lib/jvm/java-8-openjdk-amd64/jre/lib/ext:/usr/java/packages/lib/ext"/>
    <property name="sun.io.unicode.encoding" value="UnicodeLittle"/>
    <property name="java.class.version" value="52.0"/>
  </properties>
  <testcase name="feature" classname="com.isortegah.poc_setecudo.TestRunner" time="5.379"/>
</testsuite>