<?xml version="1.0" encoding="UTF-8"?>
<!-- Generated by org.testng.reporters.JUnitReportReporter -->
<testsuite skipped="0" hostname="isortegah" name="com.isortegah.poc_selenium.TestRunner" tests="1" failures="0" timestamp="28 Jan 2018 16:48:14 GMT" time="14.552" errors="0">
  <testcase name="feature" time="14.552" classname="com.isortegah.poc_selenium.TestRunner"/>
</testsuite> <!-- com.isortegah.poc_selenium.TestRunner -->
